2018-01-16 00:01:46,073 ERROR 3362 [-/127.0.0.1/-/2536ms GET /repos] nodejs.TypeError: reposList.map is not a function
    at ReposService.list (/Users/michael.lu/git/github/learn-egg/egg-example/app/service/repos.js:10:26)
    at <anonymous>
    at process._tickCallback (internal/process/next_tick.js:188:7)

pid: 3362
hostname: MichaelLudeMacBook-Pro.local

2018-01-16 00:02:45,352 ERROR 3378 [-/127.0.0.1/-/2153ms GET /repos] nodejs.TypeError: reposList.map is not a function
    at ReposService.list (/Users/michael.lu/git/github/learn-egg/egg-example/app/service/repos.js:10:26)
    at <anonymous>
    at process._tickCallback (internal/process/next_tick.js:188:7)

pid: 3378
hostname: MichaelLudeMacBook-Pro.local

2018-01-16 00:03:41,428 ERROR 3412 [-/127.0.0.1/-/3398ms GET /repos] nodejs.TypeError: reposList.map is not a function
    at ReposService.list (/Users/michael.lu/git/github/learn-egg/egg-example/app/service/repos.js:10:26)
    at <anonymous>
    at process._tickCallback (internal/process/next_tick.js:188:7)

pid: 3412
hostname: MichaelLudeMacBook-Pro.local

2018-01-16 00:05:44,232 ERROR 3467 [-/127.0.0.1/-/3056ms GET /repos] nodejs.TypeError: reposList.map is not a function
    at ReposService.list (/Users/michael.lu/git/github/learn-egg/egg-example/app/service/repos.js:12:26)
    at <anonymous>
    at process._tickCallback (internal/process/next_tick.js:188:7)

pid: 3467
hostname: MichaelLudeMacBook-Pro.local

2018-01-16 00:07:03,202 ERROR 3502 [-/127.0.0.1/-/3369ms GET /repos] nodejs.ReferenceError: res is not defined
    at ReposService.list (/Users/michael.lu/git/github/learn-egg/egg-example/app/service/repos.js:9:31)
    at <anonymous>
    at process._tickCallback (internal/process/next_tick.js:188:7)

pid: 3502
hostname: MichaelLudeMacBook-Pro.local

2018-01-16 00:07:31,026 ERROR 3517 [-/127.0.0.1/-/4206ms GET /repos] nodejs.TypeError: reposList.map is not a function
    at ReposService.list (/Users/michael.lu/git/github/learn-egg/egg-example/app/service/repos.js:10:26)
    at <anonymous>
    at process._tickCallback (internal/process/next_tick.js:188:7)

pid: 3517
hostname: MichaelLudeMacBook-Pro.local

2018-01-16 00:07:49,016 ERROR 3525 [-/127.0.0.1/-/2133ms GET /repos] nodejs.TypeError: reposList.map is not a function
    at ReposService.list (/Users/michael.lu/git/github/learn-egg/egg-example/app/service/repos.js:10:26)
    at <anonymous>
    at process._tickCallback (internal/process/next_tick.js:188:7)

pid: 3525
hostname: MichaelLudeMacBook-Pro.local

2018-01-16 00:08:32,732 ERROR 3541 [-/127.0.0.1/-/1929ms GET /repos] nodejs.AssertionError [ERR_ASSERTION]: Can't find repos/list.tpl from /Users/michael.lu/git/github/learn-egg/egg-example/app/view
    at Map.resolve (/Users/michael.lu/git/github/learn-egg/egg-example/node_modules/egg-view/lib/view_manager.js:74:5)
    at <anonymous>
generatedMessage: false
name: 'AssertionError [ERR_ASSERTION]'
code: 'ERR_ASSERTION'
actual: undefined
expected: true
operator: '=='
pid: 3541
hostname: MichaelLudeMacBook-Pro.local

2018-01-16 00:10:39,656 ERROR 3592 [-/127.0.0.1/-/2274ms GET /repos] nodejs.Template render error: (/Users/michael.lu/git/github/learn-egg/egg-example/app/view/repos/list.tpl) [Line 10, Column 34]
  expected variable end
  expected variable end
    at Object.exports.prettifyError (/Users/michael.lu/git/github/learn-egg/egg-example/node_modules/nunjucks/src/lib.js:34:15)
    at new_cls.render (/Users/michael.lu/git/github/learn-egg/egg-example/node_modules/nunjucks/src/environment.js:472:27)
    at /Users/michael.lu/git/github/learn-egg/egg-example/node_modules/nunjucks/src/environment.js:313:35
    at createTemplate (/Users/michael.lu/git/github/learn-egg/egg-example/node_modules/nunjucks/src/environment.js:235:25)
    at handle (/Users/michael.lu/git/github/learn-egg/egg-example/node_modules/nunjucks/src/environment.js:250:25)
    at /Users/michael.lu/git/github/learn-egg/egg-example/node_modules/nunjucks/src/environment.js:264:21
    at next (/Users/michael.lu/git/github/learn-egg/egg-example/node_modules/nunjucks/src/lib.js:207:13)
    at Object.exports.asyncIter (/Users/michael.lu/git/github/learn-egg/egg-example/node_modules/nunjucks/src/lib.js:214:5)
    at NunjucksEnvironment.getTemplate (/Users/michael.lu/git/github/learn-egg/egg-example/node_modules/nunjucks/src/environment.js:243:17)
    at NunjucksEnvironment.render (/Users/michael.lu/git/github/learn-egg/egg-example/node_modules/nunjucks/src/environment.js:305:14)
name: 'Template render error'
pid: 3592
hostname: MichaelLudeMacBook-Pro.local

